TN:
SF:controllers\generateController.js
FN:6,(anonymous_0)
FN:16,(anonymous_1)
FN:37,(anonymous_2)
FN:49,(anonymous_3)
FNF:4
FNH:0
FNDA:0,(anonymous_0)
FNDA:0,(anonymous_1)
FNDA:0,(anonymous_2)
FNDA:0,(anonymous_3)
DA:1,5
DA:2,5
DA:3,5
DA:7,0
DA:12,0
DA:16,0
DA:20,0
DA:25,0
DA:33,0
DA:37,0
DA:45,0
DA:46,0
DA:49,0
DA:51,0
DA:61,0
DA:62,0
DA:68,5
LF:17
LH:4
BRDA:20,0,0,0
BRDA:20,0,1,0
BRDA:21,1,0,0
BRDA:21,1,1,0
BRDA:22,2,0,0
BRDA:22,2,1,0
BRDA:23,3,0,0
BRDA:23,3,1,0
BRF:8
BRH:0
end_of_record
TN:
SF:controllers\heroController.js
FN:13,(anonymous_0)
FN:26,(anonymous_1)
FN:42,(anonymous_2)
FN:69,(anonymous_3)
FNF:4
FNH:0
FNDA:0,(anonymous_0)
FNDA:0,(anonymous_1)
FNDA:0,(anonymous_2)
FNDA:0,(anonymous_3)
DA:1,5
DA:2,5
DA:5,5
DA:6,5
DA:14,0
DA:15,0
DA:20,0
DA:22,0
DA:27,0
DA:30,0
DA:31,0
DA:32,0
DA:33,0
DA:36,0
DA:38,0
DA:43,0
DA:44,0
DA:45,0
DA:47,0
DA:48,0
DA:49,0
DA:52,0
DA:63,0
DA:65,0
DA:70,0
DA:71,0
DA:74,0
DA:75,0
DA:76,0
DA:78,0
DA:82,0
DA:83,0
DA:84,0
DA:86,0
DA:89,0
DA:90,0
DA:91,0
DA:94,0
DA:95,0
DA:97,0
DA:102,5
LF:41
LH:5
BRDA:32,0,0,0
BRDA:32,0,1,0
BRDA:48,1,0,0
BRDA:48,1,1,0
BRDA:74,2,0,0
BRDA:74,2,1,0
BRDA:83,3,0,0
BRDA:83,3,1,0
BRDA:90,4,0,0
BRDA:90,4,1,0
BRF:10
BRH:0
end_of_record
TN:
SF:controllers\userController.js
FN:10,(anonymous_0)
FN:34,(anonymous_1)
FN:76,(anonymous_2)
FN:116,(anonymous_3)
FN:134,(anonymous_4)
FN:165,(anonymous_5)
FNF:6
FNH:4
FNDA:3,(anonymous_0)
FNDA:5,(anonymous_1)
FNDA:0,(anonymous_2)
FNDA:0,(anonymous_3)
FNDA:1,(anonymous_4)
FNDA:1,(anonymous_5)
DA:1,5
DA:2,5
DA:3,5
DA:4,5
DA:5,5
DA:6,5
DA:7,5
DA:11,3
DA:13,3
DA:14,3
DA:22,1
DA:30,2
DA:35,5
DA:38,5
DA:39,5
DA:40,1
DA:42,4
DA:43,1
DA:46,3
DA:53,3
DA:54,1
DA:57,2
DA:58,2
DA:59,1
DA:62,1
DA:67,1
DA:69,1
DA:72,4
DA:77,0
DA:78,0
DA:79,0
DA:84,0
DA:87,0
DA:90,0
DA:91,0
DA:99,0
DA:102,0
DA:109,0
DA:111,0
DA:112,0
DA:117,0
DA:118,0
DA:120,0
DA:128,0
DA:130,0
DA:135,1
DA:136,1
DA:138,1
DA:158,1
DA:160,1
DA:166,1
DA:167,1
DA:168,1
DA:169,1
DA:172,0
DA:175,0
DA:177,0
DA:182,0
DA:183,0
DA:186,0
DA:188,1
DA:195,5
LF:62
LH:39
BRDA:39,0,0,1
BRDA:39,0,1,4
BRDA:42,1,0,1
BRDA:42,1,1,3
BRDA:53,2,0,1
BRDA:53,2,1,2
BRDA:58,3,0,1
BRDA:58,3,1,1
BRDA:90,4,0,0
BRDA:90,4,1,0
BRDA:92,5,0,0
BRDA:92,5,1,0
BRDA:95,6,0,0
BRDA:95,6,1,0
BRDA:96,7,0,0
BRDA:96,7,1,0
BRDA:168,8,0,1
BRDA:168,8,1,0
BRDA:182,9,0,0
BRDA:182,9,1,0
BRF:20
BRH:9
end_of_record
TN:
SF:controllers\userFavouriteHeroController.js
FN:4,(anonymous_0)
FN:21,(anonymous_1)
FNF:2
FNH:0
FNDA:0,(anonymous_0)
FNDA:0,(anonymous_1)
DA:1,5
DA:5,0
DA:6,0
DA:7,0
DA:9,0
DA:13,0
DA:15,0
DA:17,0
DA:22,0
DA:23,0
DA:24,0
DA:26,0
DA:28,0
DA:35,0
DA:37,0
DA:42,5
LF:16
LH:2
BRF:0
BRH:0
end_of_record
TN:
SF:helpers\generateAI.js
FN:8,generateContent
FNF:1
FNH:0
FNDA:0,generateContent
DA:1,5
DA:2,5
DA:4,5
DA:6,5
DA:9,0
DA:10,0
DA:23,0
DA:25,0
DA:26,0
DA:27,0
DA:29,0
DA:33,5
LF:12
LH:5
BRDA:26,0,0,0
BRDA:26,0,1,0
BRDA:26,1,0,0
BRDA:26,1,1,0
BRF:4
BRH:0
end_of_record
TN:
SF:helpers\hashPassword.js
FN:3,hashPassword
FN:20,comparePassword
FNF:2
FNH:2
FNDA:7,hashPassword
FNDA:2,comparePassword
DA:1,5
DA:7,7
DA:9,7
DA:10,7
DA:12,7
DA:13,7
DA:15,0
DA:21,2
DA:22,2
DA:23,2
DA:25,0
DA:55,5
LF:12
LH:10
BRF:0
BRH:0
end_of_record
TN:
SF:helpers\jwt.js
FN:4,generateToken
FN:9,verifyToken
FNF:2
FNH:2
FNDA:3,generateToken
FNDA:2,verifyToken
DA:1,5
DA:2,5
DA:5,3
DA:6,3
DA:10,2
DA:14,5
LF:6
LH:6
BRF:0
BRH:0
end_of_record
TN:
SF:middlewares\authentication.js
FN:4,authentication
FNF:1
FNH:1
FNDA:3,authentication
DA:1,5
DA:2,5
DA:5,3
DA:6,3
DA:7,3
DA:8,1
DA:11,2
DA:12,2
DA:14,2
DA:15,2
DA:16,2
DA:17,0
DA:20,2
DA:23,2
DA:25,1
DA:29,5
LF:16
LH:15
BRDA:7,0,0,1
BRDA:7,0,1,2
BRDA:16,1,0,0
BRDA:16,1,1,2
BRF:4
BRH:3
end_of_record
TN:
SF:middlewares\errorHandling.js
FN:2,errorHandling
FNF:1
FNH:1
FNDA:9,errorHandling
DA:6,9
DA:7,1
DA:8,8
DA:9,0
DA:10,8
DA:11,2
DA:12,6
DA:13,0
DA:14,6
DA:15,1
DA:16,5
DA:17,0
DA:18,5
DA:19,0
DA:20,5
DA:21,1
DA:22,4
DA:23,1
DA:24,3
DA:25,1
DA:26,2
DA:27,0
DA:29,2
DA:33,5
LF:24
LH:19
BRDA:6,0,0,1
BRDA:6,0,1,8
BRDA:8,1,0,0
BRDA:8,1,1,8
BRDA:10,2,0,2
BRDA:10,2,1,6
BRDA:12,3,0,0
BRDA:12,3,1,6
BRDA:14,4,0,1
BRDA:14,4,1,5
BRDA:16,5,0,0
BRDA:16,5,1,5
BRDA:18,6,0,0
BRDA:18,6,1,5
BRDA:20,7,0,1
BRDA:20,7,1,4
BRDA:22,8,0,1
BRDA:22,8,1,3
BRDA:24,9,0,1
BRDA:24,9,1,2
BRDA:26,10,0,0
BRDA:26,10,1,2
BRF:22
BRH:17
end_of_record
TN:
SF:middlewares\isAdmin.js
FN:2,isAdmin
FNF:1
FNH:0
FNDA:0,isAdmin
DA:3,0
DA:6,0
DA:7,0
DA:9,0
DA:11,0
DA:14,5
LF:6
LH:1
BRDA:6,0,0,0
BRDA:6,0,1,0
BRF:2
BRH:0
end_of_record
